Arguments: 
  /usr/local/bin/node /usr/local/bin/yarn install

PATH: 
  /usr/local/bin:/usr/bin:/bin:/usr/sbin:/sbin:/usr/local/share/dotnet:~/.dotnet/tools:/Library/Apple/usr/bin:/Users/apple/Desktop/Development/flutter/bin:/Users/apple/Desktop/Development/bin:/Users/apple/Desktop/Development/flutter/bin:/Users/apple/Desktop/Development/bin

Yarn version: 
  1.22.10

Node version: 
  14.17.3

Platform: 
  darwin x64

Trace: 
  Error: EACCES: permission denied, mkdir '/Users/apple/Desktop/twilio-live-interactive-video/node_modules/@pmmmwh/react-refresh-webpack-plugin/node_modules/path-exists'

npm manifest: 
  {
    "name": "twilio-live-interactive-video",
    "version": "1.0.0",
    "description": "",
    "main": "index.js",
    "scripts": {
      "postinstall": "npm install --prod --prefix apps/web",
      "test": "true",
      "preserverless:deploy": "npm run build --prefix apps/web",
      "serverless:deploy": "node serverless/scripts/deploy.js",
      "serverless:list": "node serverless/scripts/list.js",
      "serverless:remove": "node serverless/scripts/remove.js"
    },
    "repository": {
      "type": "git",
      "url": "git+https://github.com/twilio/twilio-live-interactive-video.git"
    },
    "author": "",
    "license": "ISC",
    "dependencies": {
      "@material-ui/core": "^4.12.3",
      "@material-ui/icons": "^4.11.2",
      "@material-ui/styles": "^4.11.4",
      "@mui/material": "^5.2.6",
      "@twilio-labs/serverless-api": "^5.2.1",
      "@twilio/conversations": "^2.0.0",
      "@twilio/live-player-sdk": "^1.0.1",
      "axios": "^0.21.4",
      "cli-ux": "^5.6.3",
      "commander": "^8.2.0",
      "dotenv": "^10.0.0",
      "is-plain-object": "^5.0.0",
      "nanoid": "^3.1.28",
      "notistack": "^2.0.3",
      "react": "^17.0.2",
      "react-dom": "^17.0.2",
      "react-router-dom": "^6.2.1",
      "react-scripts": "^5.0.0",
      "strip-color": "^0.1.0",
      "twilio": "^3.71.1",
      "twilio-sync": "^3.0.6",
      "twilio-video": "^2.18.2",
      "typescript": "^4.5.4"
    },
    "bugs": {
      "url": "https://github.com/twilio/twilio-live-interactive-video/issues"
    },
    "homepage": "https://github.com/twilio/twilio-live-interactive-video#readme"
  }

yarn manifest: 
  No manifest

Lockfile: 
  No lockfile
